--- Copying files at Wed Sep  4 11:37:50 UTC 2019
--- Copying files at Thu Sep  5 06:51:18 UTC 2019
--- Copying files at Thu Sep  5 07:46:02 UTC 2019
--- Copying files at Sun Sep  8 12:29:32 UTC 2019
--- Copying files at Tue Sep 10 10:27:29 UTC 2019
--- Copying files at Sun Sep 22 08:04:12 UTC 2019
--- Copying files at Mon Sep 23 05:51:55 UTC 2019
--- Copying files at Tue Sep 24 11:23:52 UTC 2019
--- Copying files at Thu Sep 26 09:14:37 UTC 2019
--- Copying files at Wed Oct  2 14:08:10 UTC 2019
--- Copying files at Thu Oct 10 14:14:54 UTC 2019
--- Copying files at Tue Oct 15 12:26:06 UTC 2019
--- Copying files at Wed Oct 23 15:16:32 UTC 2019
--- Copying files at Thu Oct 24 12:31:19 UTC 2019
--- Copying files at Mon Oct 28 15:39:33 UTC 2019
--- Copying files at Wed Oct 30 11:45:05 UTC 2019
--- Copying files at Wed Oct 30 11:53:23 UTC 2019
--- Copying files at Wed Oct 30 12:16:53 UTC 2019
--- Copying files at Thu Oct 31 14:02:23 UTC 2019
--- Copying files at Thu Oct 31 16:25:29 UTC 2019
--- Copying files at Sun Nov  3 15:28:29 UTC 2019
--- Copying files at Sun Nov  3 16:44:41 UTC 2019
--- Copying files at Tue Nov  5 13:13:24 UTC 2019
--- Copying files at Sun Nov 10 12:22:47 UTC 2019
--- Copying files at Mon Nov 11 15:27:37 UTC 2019
--- Copying files at Thu Nov 14 09:04:30 UTC 2019
--- Copying files at Sun Nov 17 16:35:55 UTC 2019
--- Copying files at Sun Nov 17 16:36:30 UTC 2019
--- Copying files at Sun Nov 17 16:39:03 UTC 2019
--- Copying files at Sun Nov 17 16:45:48 UTC 2019
--- Copying files at Sun Nov 17 16:49:17 UTC 2019
--- Copying files at Mon Nov 18 07:38:32 UTC 2019
--- Copying files at Mon Nov 18 08:27:57 UTC 2019
--- Copying files at Mon Nov 18 08:42:13 UTC 2019
--- Copying files at Mon Nov 18 08:58:37 UTC 2019
--- Copying files at Mon Nov 18 12:24:23 UTC 2019
--- Copying files at Mon Nov 18 14:52:09 UTC 2019
--- Copying files at Mon Nov 18 14:56:31 UTC 2019
--- Copying files at Wed Nov 20 13:04:15 UTC 2019
--- Copying files at Mon Nov 25 14:09:36 UTC 2019
--- Copying files at Mon Nov 25 16:12:18 UTC 2019
--- Copying files at Tue Nov 26 13:53:22 UTC 2019
--- Copying files at Thu Nov 28 08:09:06 UTC 2019
--- Copying files at Thu Nov 28 12:54:24 UTC 2019
--- Copying files at Thu Nov 28 13:00:58 UTC 2019
--- Copying files at Thu Nov 28 15:31:20 UTC 2019
--- Copying files at Sat Nov 30 11:26:55 UTC 2019
--- Copying files at Mon Dec  2 10:22:17 UTC 2019
--- Copying files at Mon Dec  2 15:37:16 UTC 2019
--- Copying files at Mon Dec  2 16:57:24 UTC 2019
--- Copying files at Tue Dec  3 13:45:54 UTC 2019
--- Copying files at Tue Dec  3 16:36:40 UTC 2019
--- Copying files at Thu Dec 19 13:43:43 UTC 2019
--- Copying files at Sun Dec 22 08:33:32 UTC 2019
--- Copying files at Sun Dec 22 14:31:21 UTC 2019
--- Copying files at Tue Dec 24 15:46:23 UTC 2019
--- Copying files at Wed Dec 25 14:16:18 UTC 2019
--- Copying files at Sun Dec 29 08:36:34 UTC 2019
--- Copying files at Sun Dec 29 11:27:01 UTC 2019
--- Copying files at Sun Dec 29 11:28:42 UTC 2019
--- Copying files at Sun Dec 29 12:02:40 UTC 2019
--- Copying files at Sun Dec 29 12:30:02 UTC 2019
--- Copying files at Mon Dec 30 08:04:48 UTC 2019
--- Copying files at Mon Dec 30 09:55:36 UTC 2019
--- Copying files at Mon Dec 30 11:23:19 UTC 2019
--- Copying files at Tue Dec 31 08:30:12 UTC 2019
--- Copying files at Wed Jan  1 13:40:30 UTC 2020
--- Copying files at Thu Jan  2 15:44:34 UTC 2020
--- Copying files at Sun Jan  5 13:37:11 UTC 2020
--- Copying files at Sun Jan  5 13:38:34 UTC 2020
--- Copying files at Sun Jan  5 14:14:55 UTC 2020
--- Copying files at Sun Jan  5 14:17:01 UTC 2020
--- Copying files at Mon Jan  6 11:52:18 UTC 2020
--- Copying files at Mon Jan  6 12:03:08 UTC 2020
--- Copying files at Mon Jan  6 12:03:34 UTC 2020
--- Copying files at Mon Jan  6 15:45:44 UTC 2020
--- Copying files at Tue Jan  7 09:21:39 UTC 2020
--- Copying files at Tue Jan  7 13:51:54 UTC 2020
--- Copying files at Thu Jan  9 09:13:29 UTC 2020
--- Copying files at Thu Jan  9 12:03:17 UTC 2020
--- Copying files at Thu Jan  9 14:37:54 UTC 2020
