Started at Fri Dec 20 08:44:01 UTC 2019
Checking ansible-test
Checking ansible-users-db
Checking ansible-users-db-dsl
Checking aws_backup
Checking fdhdh
Checking first test
Checking first-pipeline job
Checking job_ansilbe_dsl
Checking job_dsl_example
Checking maven-job
Checking maven_dsl
Checking pipeline-docker-maven
Checking seed-job
Checking start-jmeter
Checking updatePassword
Finished at Fri Dec 20 08:44:01 UTC 2019. 7ms
Started at Sat Dec 21 08:44:01 UTC 2019
Checking ansible-test
Checking ansible-users-db
Checking ansible-users-db-dsl
Checking aws_backup
Checking fdhdh
Checking first test
Checking first-pipeline job
Checking job_ansilbe_dsl
Checking job_dsl_example
Checking maven-job
Checking maven_dsl
Checking pipeline-docker-maven
Checking seed-job
Checking start-jmeter
Checking updatePassword
Finished at Sat Dec 21 08:44:01 UTC 2019. 37ms
